db level locking enabled: 1
mongod --help for help and startup options
Wed May 28 03:22:07 
Wed May 28 03:22:07 warning: 32-bit servers don't have journaling enabled by default. Please use --journal if you want durability.
Wed May 28 03:22:07 
Wed May 28 03:22:07 [initandlisten] MongoDB starting : pid=1228 port=27017 dbpath=/data/db/ 32-bit host=linaro-server
Wed May 28 03:22:07 [initandlisten] 
Wed May 28 03:22:07 [initandlisten] ** NOTE: This is a development version (2.1.1-pre-) of MongoDB.
Wed May 28 03:22:07 [initandlisten] **       Not recommended for production.
Wed May 28 03:22:07 [initandlisten] 
Wed May 28 03:22:07 [initandlisten] ** NOTE: when using MongoDB 32 bit, you are limited to about 2 gigabytes of data
Wed May 28 03:22:07 [initandlisten] **       see http://blog.mongodb.org/post/137788967/32-bit-limitations
Wed May 28 03:22:07 [initandlisten] **       with --journal, the limit is lower
Wed May 28 03:22:07 [initandlisten] 
Wed May 28 03:22:07 [initandlisten] db version v2.1.1-pre-, pdfile version 4.5
Wed May 28 03:22:07 [initandlisten] git version: 47fbbdceb21fc2b791d22db7f01792500647daa9
Wed May 28 03:22:07 [initandlisten] build info: Linux linaro-server 3.0.36+ #2 SMP PREEMPT Mon Jan 27 15:07:00 ICT 2014 armv7l BOOST_LIB_VERSION=1_49
Wed May 28 03:22:07 [initandlisten] options: {}
Wed May 28 03:22:07 [websvr] admin web console waiting for connections on port 28017
Wed May 28 03:22:07 [initandlisten] waiting for connections on port 27017
Wed May 28 03:22:29 [initandlisten] connection accepted from 127.0.0.1:55130 #1 (1 connection now open)
Wed May 28 03:22:33 [conn1] end connection 127.0.0.1:55130 (0 connections now open)
Wed May 28 03:23:07 [clientcursormon] mem (MB) res:16 virt:88 mapped:0
